2025-09-09 13:33:04,474 - GoogleSheetsMonitor - INFO - [GoogleSheetsMonitor] Инициализирован
2025-09-09 13:33:04,479 - google_sheets_service - INFO - [GoogleSheetsService] Инициализирован с расширенным логированием
2025-09-09 13:33:04,799 - google_sheets_service - DEBUG - [GoogleSheetsService] Симуляция обновления таблицы для интервью test-interview-001: {'Кандидат': 'Иван Петров', 'Финальный балл': '85%', 'Вердикт': 'Рекомендуется к найму', 'Технические навыки': '90%', 'Опыт работы': '80%', 'Soft Skills': '85%', 'Дата обновления': '2025-09-09T13:33:04.488429'}
2025-09-09 13:33:04,800 - GoogleSheetsMonitor - ERROR - Ошибка сохранения лога в файл: Object of type OperationType is not JSON serializable
2025-09-09 13:33:04,800 - GoogleSheetsMonitor - INFO - [update_results] test-interview-001: success (318ms)
2025-09-09 13:33:04,803 - google_sheets_service - DEBUG - Детали операции: {
  "interview_id": "test-interview-001",
  "operation_type": "update_results",
  "candidate_name": "Иван Петров",
  "final_score": 85,
  "update_data": {
    "Кандидат": "Иван Петров",
    "Финальный балл": "85%",
    "Вердикт": "Рекомендуется к найму",
    "Технические навыки": "90%",
    "Опыт работы": "80%",
    "Soft Skills": "85%",
    "Дата обновления": "2025-09-09T13:33:04.488429"
  }
}
2025-09-09 13:33:04,810 - GoogleSheetsMonitor - ERROR - Ошибка сохранения лога в файл: Expecting value: line 4 column 23 (char 75)
2025-09-09 13:33:04,810 - GoogleSheetsMonitor - INFO - [get_url] test-interview-001: success (2ms)
2025-09-09 13:33:04,813 - google_sheets_service - DEBUG - Детали операции: {
  "interview_id": "test-interview-001",
  "operation_type": "get_sheet_url",
  "sheet_id": "interview_test-interview-001",
  "sheets_url": "https://docs.google.com/spreadsheets/d/interview_test-interview-001/edit#gid=0"
}
2025-09-09 13:33:04,816 - GoogleSheetsMonitor - ERROR - Ошибка сохранения лога в файл: Expecting value: line 4 column 23 (char 75)
2025-09-09 13:33:04,817 - GoogleSheetsMonitor - ERROR - [create_sheet] error-test-001: Симулированная ошибка для тестирования
2025-09-09 13:33:04,819 - GoogleSheetsMonitor - ERROR - Ошибка сохранения лога в файл: Expecting value: line 4 column 23 (char 75)
2025-09-09 13:33:04,819 - GoogleSheetsMonitor - INFO - [create_sheet] perf-test-000: success (50ms)
2025-09-09 13:33:04,820 - GoogleSheetsMonitor - ERROR - Ошибка сохранения лога в файл: Expecting value: line 4 column 23 (char 75)
2025-09-09 13:33:04,820 - GoogleSheetsMonitor - INFO - [create_sheet] perf-test-001: success (51ms)
2025-09-09 13:33:04,821 - GoogleSheetsMonitor - ERROR - Ошибка сохранения лога в файл: Expecting value: line 4 column 23 (char 75)
2025-09-09 13:33:04,821 - GoogleSheetsMonitor - INFO - [create_sheet] perf-test-002: success (52ms)
2025-09-09 13:33:04,821 - GoogleSheetsMonitor - ERROR - Ошибка сохранения лога в файл: Expecting value: line 4 column 23 (char 75)
2025-09-09 13:33:04,821 - GoogleSheetsMonitor - INFO - [create_sheet] perf-test-003: success (53ms)
2025-09-09 13:33:04,822 - GoogleSheetsMonitor - ERROR - Ошибка сохранения лога в файл: Expecting value: line 4 column 23 (char 75)
2025-09-09 13:33:04,822 - GoogleSheetsMonitor - INFO - [create_sheet] perf-test-004: success (54ms)
2025-09-09 13:33:04,822 - GoogleSheetsMonitor - ERROR - Ошибка сохранения лога в файл: Expecting value: line 4 column 23 (char 75)
2025-09-09 13:33:04,822 - GoogleSheetsMonitor - INFO - [create_sheet] perf-test-005: success (55ms)
2025-09-09 13:33:04,823 - GoogleSheetsMonitor - ERROR - Ошибка сохранения лога в файл: Expecting value: line 4 column 23 (char 75)
2025-09-09 13:33:04,823 - GoogleSheetsMonitor - INFO - [create_sheet] perf-test-006: success (56ms)
2025-09-09 13:33:04,823 - GoogleSheetsMonitor - ERROR - Ошибка сохранения лога в файл: Expecting value: line 4 column 23 (char 75)
2025-09-09 13:33:04,823 - GoogleSheetsMonitor - INFO - [create_sheet] perf-test-007: success (57ms)
2025-09-09 13:33:04,824 - GoogleSheetsMonitor - ERROR - Ошибка сохранения лога в файл: Expecting value: line 4 column 23 (char 75)
2025-09-09 13:33:04,824 - GoogleSheetsMonitor - INFO - [create_sheet] perf-test-008: success (58ms)
2025-09-09 13:33:04,824 - GoogleSheetsMonitor - ERROR - Ошибка сохранения лога в файл: Expecting value: line 4 column 23 (char 75)
2025-09-09 13:33:04,825 - GoogleSheetsMonitor - INFO - [create_sheet] perf-test-009: success (59ms)
2025-09-09 13:33:04,825 - GoogleSheetsMonitor - ERROR - Ошибка сохранения лога в файл: Expecting value: line 4 column 23 (char 75)
2025-09-09 13:33:04,825 - GoogleSheetsMonitor - INFO - [create_sheet] perf-test-010: success (60ms)
2025-09-09 13:33:04,825 - GoogleSheetsMonitor - ERROR - Ошибка сохранения лога в файл: Expecting value: line 4 column 23 (char 75)
2025-09-09 13:33:04,826 - GoogleSheetsMonitor - INFO - [create_sheet] perf-test-011: success (61ms)
2025-09-09 13:33:04,826 - GoogleSheetsMonitor - ERROR - Ошибка сохранения лога в файл: Expecting value: line 4 column 23 (char 75)
2025-09-09 13:33:04,826 - GoogleSheetsMonitor - INFO - [create_sheet] perf-test-012: success (62ms)
2025-09-09 13:33:04,826 - GoogleSheetsMonitor - ERROR - Ошибка сохранения лога в файл: Expecting value: line 4 column 23 (char 75)
2025-09-09 13:33:04,827 - GoogleSheetsMonitor - INFO - [create_sheet] perf-test-013: success (63ms)
2025-09-09 13:33:04,827 - GoogleSheetsMonitor - ERROR - Ошибка сохранения лога в файл: Expecting value: line 4 column 23 (char 75)
2025-09-09 13:33:04,827 - GoogleSheetsMonitor - INFO - [create_sheet] perf-test-014: success (64ms)
2025-09-09 13:33:04,827 - GoogleSheetsMonitor - ERROR - Ошибка сохранения лога в файл: Expecting value: line 4 column 23 (char 75)
2025-09-09 13:33:04,828 - GoogleSheetsMonitor - INFO - [create_sheet] perf-test-015: success (65ms)
2025-09-09 13:33:04,828 - GoogleSheetsMonitor - ERROR - Ошибка сохранения лога в файл: Expecting value: line 4 column 23 (char 75)
2025-09-09 13:33:04,828 - GoogleSheetsMonitor - INFO - [create_sheet] perf-test-016: success (66ms)
2025-09-09 13:33:04,828 - GoogleSheetsMonitor - ERROR - Ошибка сохранения лога в файл: Expecting value: line 4 column 23 (char 75)
2025-09-09 13:33:04,828 - GoogleSheetsMonitor - INFO - [create_sheet] perf-test-017: success (67ms)
2025-09-09 13:33:04,829 - GoogleSheetsMonitor - ERROR - Ошибка сохранения лога в файл: Expecting value: line 4 column 23 (char 75)
2025-09-09 13:33:04,829 - GoogleSheetsMonitor - INFO - [create_sheet] perf-test-018: success (68ms)
2025-09-09 13:33:04,829 - GoogleSheetsMonitor - ERROR - Ошибка сохранения лога в файл: Expecting value: line 4 column 23 (char 75)
2025-09-09 13:33:04,829 - GoogleSheetsMonitor - INFO - [create_sheet] perf-test-019: success (69ms)
2025-09-09 13:33:04,830 - GoogleSheetsMonitor - ERROR - Ошибка сохранения лога в файл: Expecting value: line 4 column 23 (char 75)
2025-09-09 13:33:04,830 - GoogleSheetsMonitor - INFO - [create_sheet] perf-test-020: success (70ms)
2025-09-09 13:33:04,830 - GoogleSheetsMonitor - ERROR - Ошибка сохранения лога в файл: Expecting value: line 4 column 23 (char 75)
2025-09-09 13:33:04,831 - GoogleSheetsMonitor - INFO - [create_sheet] perf-test-021: success (71ms)
2025-09-09 13:33:04,831 - GoogleSheetsMonitor - ERROR - Ошибка сохранения лога в файл: Expecting value: line 4 column 23 (char 75)
2025-09-09 13:33:04,831 - GoogleSheetsMonitor - INFO - [create_sheet] perf-test-022: success (72ms)
2025-09-09 13:33:04,832 - GoogleSheetsMonitor - ERROR - Ошибка сохранения лога в файл: Expecting value: line 4 column 23 (char 75)
2025-09-09 13:33:04,832 - GoogleSheetsMonitor - INFO - [create_sheet] perf-test-023: success (73ms)
2025-09-09 13:33:04,832 - GoogleSheetsMonitor - ERROR - Ошибка сохранения лога в файл: Expecting value: line 4 column 23 (char 75)
2025-09-09 13:33:04,832 - GoogleSheetsMonitor - INFO - [create_sheet] perf-test-024: success (74ms)
2025-09-09 13:33:04,833 - GoogleSheetsMonitor - ERROR - Ошибка сохранения лога в файл: Expecting value: line 4 column 23 (char 75)
2025-09-09 13:33:04,833 - GoogleSheetsMonitor - INFO - [create_sheet] perf-test-025: success (75ms)
2025-09-09 13:33:04,833 - GoogleSheetsMonitor - ERROR - Ошибка сохранения лога в файл: Expecting value: line 4 column 23 (char 75)
2025-09-09 13:33:04,834 - GoogleSheetsMonitor - INFO - [create_sheet] perf-test-026: success (76ms)
2025-09-09 13:33:04,834 - GoogleSheetsMonitor - ERROR - Ошибка сохранения лога в файл: Expecting value: line 4 column 23 (char 75)
2025-09-09 13:33:04,834 - GoogleSheetsMonitor - INFO - [create_sheet] perf-test-027: success (77ms)
2025-09-09 13:33:04,834 - GoogleSheetsMonitor - ERROR - Ошибка сохранения лога в файл: Expecting value: line 4 column 23 (char 75)
2025-09-09 13:33:04,835 - GoogleSheetsMonitor - INFO - [create_sheet] perf-test-028: success (78ms)
2025-09-09 13:33:04,835 - GoogleSheetsMonitor - ERROR - Ошибка сохранения лога в файл: Expecting value: line 4 column 23 (char 75)
2025-09-09 13:33:04,835 - GoogleSheetsMonitor - INFO - [create_sheet] perf-test-029: success (79ms)
2025-09-09 13:33:04,836 - GoogleSheetsMonitor - ERROR - Ошибка сохранения лога в файл: Expecting value: line 4 column 23 (char 75)
2025-09-09 13:33:04,836 - GoogleSheetsMonitor - INFO - [create_sheet] perf-test-030: success (80ms)
2025-09-09 13:33:04,836 - GoogleSheetsMonitor - ERROR - Ошибка сохранения лога в файл: Expecting value: line 4 column 23 (char 75)
2025-09-09 13:33:04,836 - GoogleSheetsMonitor - INFO - [create_sheet] perf-test-031: success (81ms)
2025-09-09 13:33:04,837 - GoogleSheetsMonitor - ERROR - Ошибка сохранения лога в файл: Expecting value: line 4 column 23 (char 75)
2025-09-09 13:33:04,837 - GoogleSheetsMonitor - INFO - [create_sheet] perf-test-032: success (82ms)
2025-09-09 13:33:04,837 - GoogleSheetsMonitor - ERROR - Ошибка сохранения лога в файл: Expecting value: line 4 column 23 (char 75)
2025-09-09 13:33:04,837 - GoogleSheetsMonitor - INFO - [create_sheet] perf-test-033: success (83ms)
2025-09-09 13:33:04,838 - GoogleSheetsMonitor - ERROR - Ошибка сохранения лога в файл: Expecting value: line 4 column 23 (char 75)
2025-09-09 13:33:04,838 - GoogleSheetsMonitor - INFO - [create_sheet] perf-test-034: success (84ms)
2025-09-09 13:33:04,838 - GoogleSheetsMonitor - ERROR - Ошибка сохранения лога в файл: Expecting value: line 4 column 23 (char 75)
2025-09-09 13:33:04,838 - GoogleSheetsMonitor - INFO - [create_sheet] perf-test-035: success (85ms)
2025-09-09 13:33:04,839 - GoogleSheetsMonitor - ERROR - Ошибка сохранения лога в файл: Expecting value: line 4 column 23 (char 75)
2025-09-09 13:33:04,839 - GoogleSheetsMonitor - INFO - [create_sheet] perf-test-036: success (86ms)
2025-09-09 13:33:04,839 - GoogleSheetsMonitor - ERROR - Ошибка сохранения лога в файл: Expecting value: line 4 column 23 (char 75)
2025-09-09 13:33:04,839 - GoogleSheetsMonitor - INFO - [create_sheet] perf-test-037: success (87ms)
2025-09-09 13:33:04,840 - GoogleSheetsMonitor - ERROR - Ошибка сохранения лога в файл: Expecting value: line 4 column 23 (char 75)
2025-09-09 13:33:04,840 - GoogleSheetsMonitor - INFO - [create_sheet] perf-test-038: success (88ms)
2025-09-09 13:33:04,840 - GoogleSheetsMonitor - ERROR - Ошибка сохранения лога в файл: Expecting value: line 4 column 23 (char 75)
2025-09-09 13:33:04,840 - GoogleSheetsMonitor - INFO - [create_sheet] perf-test-039: success (89ms)
2025-09-09 13:33:04,841 - GoogleSheetsMonitor - ERROR - Ошибка сохранения лога в файл: Expecting value: line 4 column 23 (char 75)
2025-09-09 13:33:04,841 - GoogleSheetsMonitor - INFO - [create_sheet] perf-test-040: success (90ms)
2025-09-09 13:33:04,841 - GoogleSheetsMonitor - ERROR - Ошибка сохранения лога в файл: Expecting value: line 4 column 23 (char 75)
2025-09-09 13:33:04,841 - GoogleSheetsMonitor - INFO - [create_sheet] perf-test-041: success (91ms)
2025-09-09 13:33:04,842 - GoogleSheetsMonitor - ERROR - Ошибка сохранения лога в файл: Expecting value: line 4 column 23 (char 75)
2025-09-09 13:33:04,842 - GoogleSheetsMonitor - INFO - [create_sheet] perf-test-042: success (92ms)
2025-09-09 13:33:04,842 - GoogleSheetsMonitor - ERROR - Ошибка сохранения лога в файл: Expecting value: line 4 column 23 (char 75)
2025-09-09 13:33:04,842 - GoogleSheetsMonitor - INFO - [create_sheet] perf-test-043: success (93ms)
2025-09-09 13:33:04,843 - GoogleSheetsMonitor - ERROR - Ошибка сохранения лога в файл: Expecting value: line 4 column 23 (char 75)
2025-09-09 13:33:04,843 - GoogleSheetsMonitor - INFO - [create_sheet] perf-test-044: success (94ms)
2025-09-09 13:33:04,843 - GoogleSheetsMonitor - ERROR - Ошибка сохранения лога в файл: Expecting value: line 4 column 23 (char 75)
2025-09-09 13:33:04,843 - GoogleSheetsMonitor - INFO - [create_sheet] perf-test-045: success (95ms)
2025-09-09 13:33:04,844 - GoogleSheetsMonitor - ERROR - Ошибка сохранения лога в файл: Expecting value: line 4 column 23 (char 75)
2025-09-09 13:33:04,844 - GoogleSheetsMonitor - INFO - [create_sheet] perf-test-046: success (96ms)
2025-09-09 13:33:04,844 - GoogleSheetsMonitor - ERROR - Ошибка сохранения лога в файл: Expecting value: line 4 column 23 (char 75)
2025-09-09 13:33:04,844 - GoogleSheetsMonitor - INFO - [create_sheet] perf-test-047: success (97ms)
2025-09-09 13:33:04,845 - GoogleSheetsMonitor - ERROR - Ошибка сохранения лога в файл: Expecting value: line 4 column 23 (char 75)
2025-09-09 13:33:04,845 - GoogleSheetsMonitor - INFO - [create_sheet] perf-test-048: success (98ms)
2025-09-09 13:33:04,845 - GoogleSheetsMonitor - ERROR - Ошибка сохранения лога в файл: Expecting value: line 4 column 23 (char 75)
2025-09-09 13:33:04,846 - GoogleSheetsMonitor - INFO - [create_sheet] perf-test-049: success (99ms)
2025-09-09 13:33:04,846 - GoogleSheetsMonitor - ERROR - Ошибка сохранения лога в файл: Expecting value: line 4 column 23 (char 75)
2025-09-09 13:33:04,846 - GoogleSheetsMonitor - INFO - [create_sheet] perf-test-050: success (100ms)
2025-09-09 13:33:04,847 - GoogleSheetsMonitor - ERROR - Ошибка сохранения лога в файл: Expecting value: line 4 column 23 (char 75)
2025-09-09 13:33:04,847 - GoogleSheetsMonitor - INFO - [create_sheet] perf-test-051: success (101ms)
2025-09-09 13:33:04,847 - GoogleSheetsMonitor - ERROR - Ошибка сохранения лога в файл: Expecting value: line 4 column 23 (char 75)
2025-09-09 13:33:04,847 - GoogleSheetsMonitor - INFO - [create_sheet] perf-test-052: success (102ms)
2025-09-09 13:33:04,848 - GoogleSheetsMonitor - ERROR - Ошибка сохранения лога в файл: Expecting value: line 4 column 23 (char 75)
2025-09-09 13:33:04,848 - GoogleSheetsMonitor - INFO - [create_sheet] perf-test-053: success (103ms)
2025-09-09 13:33:04,848 - GoogleSheetsMonitor - ERROR - Ошибка сохранения лога в файл: Expecting value: line 4 column 23 (char 75)
2025-09-09 13:33:04,848 - GoogleSheetsMonitor - INFO - [create_sheet] perf-test-054: success (104ms)
2025-09-09 13:33:04,849 - GoogleSheetsMonitor - ERROR - Ошибка сохранения лога в файл: Expecting value: line 4 column 23 (char 75)
2025-09-09 13:33:04,849 - GoogleSheetsMonitor - INFO - [create_sheet] perf-test-055: success (105ms)
2025-09-09 13:33:04,849 - GoogleSheetsMonitor - ERROR - Ошибка сохранения лога в файл: Expecting value: line 4 column 23 (char 75)
2025-09-09 13:33:04,849 - GoogleSheetsMonitor - INFO - [create_sheet] perf-test-056: success (106ms)
2025-09-09 13:33:04,850 - GoogleSheetsMonitor - ERROR - Ошибка сохранения лога в файл: Expecting value: line 4 column 23 (char 75)
2025-09-09 13:33:04,850 - GoogleSheetsMonitor - INFO - [create_sheet] perf-test-057: success (107ms)
2025-09-09 13:33:04,850 - GoogleSheetsMonitor - ERROR - Ошибка сохранения лога в файл: Expecting value: line 4 column 23 (char 75)
2025-09-09 13:33:04,850 - GoogleSheetsMonitor - INFO - [create_sheet] perf-test-058: success (108ms)
2025-09-09 13:33:04,851 - GoogleSheetsMonitor - ERROR - Ошибка сохранения лога в файл: Expecting value: line 4 column 23 (char 75)
2025-09-09 13:33:04,851 - GoogleSheetsMonitor - INFO - [create_sheet] perf-test-059: success (109ms)
2025-09-09 13:33:04,851 - GoogleSheetsMonitor - ERROR - Ошибка сохранения лога в файл: Expecting value: line 4 column 23 (char 75)
2025-09-09 13:33:04,851 - GoogleSheetsMonitor - INFO - [create_sheet] perf-test-060: success (110ms)
2025-09-09 13:33:04,852 - GoogleSheetsMonitor - ERROR - Ошибка сохранения лога в файл: Expecting value: line 4 column 23 (char 75)
2025-09-09 13:33:04,852 - GoogleSheetsMonitor - INFO - [create_sheet] perf-test-061: success (111ms)
2025-09-09 13:33:04,852 - GoogleSheetsMonitor - ERROR - Ошибка сохранения лога в файл: Expecting value: line 4 column 23 (char 75)
2025-09-09 13:33:04,853 - GoogleSheetsMonitor - INFO - [create_sheet] perf-test-062: success (112ms)
2025-09-09 13:33:04,853 - GoogleSheetsMonitor - ERROR - Ошибка сохранения лога в файл: Expecting value: line 4 column 23 (char 75)
2025-09-09 13:33:04,853 - GoogleSheetsMonitor - INFO - [create_sheet] perf-test-063: success (113ms)
2025-09-09 13:33:04,853 - GoogleSheetsMonitor - ERROR - Ошибка сохранения лога в файл: Expecting value: line 4 column 23 (char 75)
2025-09-09 13:33:04,854 - GoogleSheetsMonitor - INFO - [create_sheet] perf-test-064: success (114ms)
2025-09-09 13:33:04,854 - GoogleSheetsMonitor - ERROR - Ошибка сохранения лога в файл: Expecting value: line 4 column 23 (char 75)
2025-09-09 13:33:04,854 - GoogleSheetsMonitor - INFO - [create_sheet] perf-test-065: success (115ms)
2025-09-09 13:33:04,854 - GoogleSheetsMonitor - ERROR - Ошибка сохранения лога в файл: Expecting value: line 4 column 23 (char 75)
2025-09-09 13:33:04,855 - GoogleSheetsMonitor - INFO - [create_sheet] perf-test-066: success (116ms)
2025-09-09 13:33:04,855 - GoogleSheetsMonitor - ERROR - Ошибка сохранения лога в файл: Expecting value: line 4 column 23 (char 75)
2025-09-09 13:33:04,855 - GoogleSheetsMonitor - INFO - [create_sheet] perf-test-067: success (117ms)
2025-09-09 13:33:04,856 - GoogleSheetsMonitor - ERROR - Ошибка сохранения лога в файл: Expecting value: line 4 column 23 (char 75)
2025-09-09 13:33:04,856 - GoogleSheetsMonitor - INFO - [create_sheet] perf-test-068: success (118ms)
2025-09-09 13:33:04,856 - GoogleSheetsMonitor - ERROR - Ошибка сохранения лога в файл: Expecting value: line 4 column 23 (char 75)
2025-09-09 13:33:04,856 - GoogleSheetsMonitor - INFO - [create_sheet] perf-test-069: success (119ms)
2025-09-09 13:33:04,857 - GoogleSheetsMonitor - ERROR - Ошибка сохранения лога в файл: Expecting value: line 4 column 23 (char 75)
2025-09-09 13:33:04,857 - GoogleSheetsMonitor - INFO - [create_sheet] perf-test-070: success (120ms)
2025-09-09 13:33:04,857 - GoogleSheetsMonitor - ERROR - Ошибка сохранения лога в файл: Expecting value: line 4 column 23 (char 75)
2025-09-09 13:33:04,857 - GoogleSheetsMonitor - INFO - [create_sheet] perf-test-071: success (121ms)
2025-09-09 13:33:04,857 - GoogleSheetsMonitor - ERROR - Ошибка сохранения лога в файл: Expecting value: line 4 column 23 (char 75)
2025-09-09 13:33:04,858 - GoogleSheetsMonitor - INFO - [create_sheet] perf-test-072: success (122ms)
2025-09-09 13:33:04,858 - GoogleSheetsMonitor - ERROR - Ошибка сохранения лога в файл: Expecting value: line 4 column 23 (char 75)
2025-09-09 13:33:04,858 - GoogleSheetsMonitor - INFO - [create_sheet] perf-test-073: success (123ms)
2025-09-09 13:33:04,859 - GoogleSheetsMonitor - ERROR - Ошибка сохранения лога в файл: Expecting value: line 4 column 23 (char 75)
2025-09-09 13:33:04,859 - GoogleSheetsMonitor - INFO - [create_sheet] perf-test-074: success (124ms)
2025-09-09 13:33:04,859 - GoogleSheetsMonitor - ERROR - Ошибка сохранения лога в файл: Expecting value: line 4 column 23 (char 75)
2025-09-09 13:33:04,859 - GoogleSheetsMonitor - INFO - [create_sheet] perf-test-075: success (125ms)
2025-09-09 13:33:04,860 - GoogleSheetsMonitor - ERROR - Ошибка сохранения лога в файл: Expecting value: line 4 column 23 (char 75)
2025-09-09 13:33:04,860 - GoogleSheetsMonitor - INFO - [create_sheet] perf-test-076: success (126ms)
2025-09-09 13:33:04,860 - GoogleSheetsMonitor - ERROR - Ошибка сохранения лога в файл: Expecting value: line 4 column 23 (char 75)
2025-09-09 13:33:04,861 - GoogleSheetsMonitor - INFO - [create_sheet] perf-test-077: success (127ms)
2025-09-09 13:33:04,861 - GoogleSheetsMonitor - ERROR - Ошибка сохранения лога в файл: Expecting value: line 4 column 23 (char 75)
2025-09-09 13:33:04,861 - GoogleSheetsMonitor - INFO - [create_sheet] perf-test-078: success (128ms)
2025-09-09 13:33:04,861 - GoogleSheetsMonitor - ERROR - Ошибка сохранения лога в файл: Expecting value: line 4 column 23 (char 75)
2025-09-09 13:33:04,862 - GoogleSheetsMonitor - INFO - [create_sheet] perf-test-079: success (129ms)
2025-09-09 13:33:04,862 - GoogleSheetsMonitor - ERROR - Ошибка сохранения лога в файл: Expecting value: line 4 column 23 (char 75)
2025-09-09 13:33:04,862 - GoogleSheetsMonitor - INFO - [create_sheet] perf-test-080: success (130ms)
2025-09-09 13:33:04,862 - GoogleSheetsMonitor - ERROR - Ошибка сохранения лога в файл: Expecting value: line 4 column 23 (char 75)
2025-09-09 13:33:04,863 - GoogleSheetsMonitor - INFO - [create_sheet] perf-test-081: success (131ms)
2025-09-09 13:33:04,863 - GoogleSheetsMonitor - ERROR - Ошибка сохранения лога в файл: Expecting value: line 4 column 23 (char 75)
2025-09-09 13:33:04,863 - GoogleSheetsMonitor - INFO - [create_sheet] perf-test-082: success (132ms)
2025-09-09 13:33:04,864 - GoogleSheetsMonitor - ERROR - Ошибка сохранения лога в файл: Expecting value: line 4 column 23 (char 75)
2025-09-09 13:33:04,864 - GoogleSheetsMonitor - INFO - [create_sheet] perf-test-083: success (133ms)
2025-09-09 13:33:04,864 - GoogleSheetsMonitor - ERROR - Ошибка сохранения лога в файл: Expecting value: line 4 column 23 (char 75)
2025-09-09 13:33:04,864 - GoogleSheetsMonitor - INFO - [create_sheet] perf-test-084: success (134ms)
2025-09-09 13:33:04,865 - GoogleSheetsMonitor - ERROR - Ошибка сохранения лога в файл: Expecting value: line 4 column 23 (char 75)
2025-09-09 13:33:04,865 - GoogleSheetsMonitor - INFO - [create_sheet] perf-test-085: success (135ms)
2025-09-09 13:33:04,865 - GoogleSheetsMonitor - ERROR - Ошибка сохранения лога в файл: Expecting value: line 4 column 23 (char 75)
2025-09-09 13:33:04,865 - GoogleSheetsMonitor - INFO - [create_sheet] perf-test-086: success (136ms)
2025-09-09 13:33:04,866 - GoogleSheetsMonitor - ERROR - Ошибка сохранения лога в файл: Expecting value: line 4 column 23 (char 75)
2025-09-09 13:33:04,866 - GoogleSheetsMonitor - INFO - [create_sheet] perf-test-087: success (137ms)
2025-09-09 13:33:04,866 - GoogleSheetsMonitor - ERROR - Ошибка сохранения лога в файл: Expecting value: line 4 column 23 (char 75)
2025-09-09 13:33:04,866 - GoogleSheetsMonitor - INFO - [create_sheet] perf-test-088: success (138ms)
2025-09-09 13:33:04,867 - GoogleSheetsMonitor - ERROR - Ошибка сохранения лога в файл: Expecting value: line 4 column 23 (char 75)
2025-09-09 13:33:04,867 - GoogleSheetsMonitor - INFO - [create_sheet] perf-test-089: success (139ms)
2025-09-09 13:33:04,867 - GoogleSheetsMonitor - ERROR - Ошибка сохранения лога в файл: Expecting value: line 4 column 23 (char 75)
2025-09-09 13:33:04,867 - GoogleSheetsMonitor - INFO - [create_sheet] perf-test-090: success (140ms)
2025-09-09 13:33:04,868 - GoogleSheetsMonitor - ERROR - Ошибка сохранения лога в файл: Expecting value: line 4 column 23 (char 75)
2025-09-09 13:33:04,868 - GoogleSheetsMonitor - INFO - [create_sheet] perf-test-091: success (141ms)
2025-09-09 13:33:04,868 - GoogleSheetsMonitor - ERROR - Ошибка сохранения лога в файл: Expecting value: line 4 column 23 (char 75)
2025-09-09 13:33:04,869 - GoogleSheetsMonitor - INFO - [create_sheet] perf-test-092: success (142ms)
2025-09-09 13:33:04,869 - GoogleSheetsMonitor - ERROR - Ошибка сохранения лога в файл: Expecting value: line 4 column 23 (char 75)
2025-09-09 13:33:04,869 - GoogleSheetsMonitor - INFO - [create_sheet] perf-test-093: success (143ms)
2025-09-09 13:33:04,870 - GoogleSheetsMonitor - ERROR - Ошибка сохранения лога в файл: Expecting value: line 4 column 23 (char 75)
2025-09-09 13:33:04,870 - GoogleSheetsMonitor - INFO - [create_sheet] perf-test-094: success (144ms)
2025-09-09 13:33:04,870 - GoogleSheetsMonitor - ERROR - Ошибка сохранения лога в файл: Expecting value: line 4 column 23 (char 75)
2025-09-09 13:33:04,870 - GoogleSheetsMonitor - INFO - [create_sheet] perf-test-095: success (145ms)
2025-09-09 13:33:04,871 - GoogleSheetsMonitor - ERROR - Ошибка сохранения лога в файл: Expecting value: line 4 column 23 (char 75)
2025-09-09 13:33:04,871 - GoogleSheetsMonitor - INFO - [create_sheet] perf-test-096: success (146ms)
2025-09-09 13:33:04,871 - GoogleSheetsMonitor - ERROR - Ошибка сохранения лога в файл: Expecting value: line 4 column 23 (char 75)
2025-09-09 13:33:04,871 - GoogleSheetsMonitor - INFO - [create_sheet] perf-test-097: success (147ms)
2025-09-09 13:33:04,872 - GoogleSheetsMonitor - ERROR - Ошибка сохранения лога в файл: Expecting value: line 4 column 23 (char 75)
2025-09-09 13:33:04,872 - GoogleSheetsMonitor - INFO - [create_sheet] perf-test-098: success (148ms)
2025-09-09 13:33:04,872 - GoogleSheetsMonitor - ERROR - Ошибка сохранения лога в файл: Expecting value: line 4 column 23 (char 75)
2025-09-09 13:33:04,872 - GoogleSheetsMonitor - INFO - [create_sheet] perf-test-099: success (149ms)
2025-09-09 13:34:20,108 - GoogleSheetsMonitor - INFO - [GoogleSheetsMonitor] Инициализирован
2025-09-09 13:34:20,109 - google_sheets_service - INFO - [GoogleSheetsService] Инициализирован с расширенным логированием
2025-09-09 13:34:20,621 - google_sheets_service - DEBUG - [GoogleSheetsService] Симуляция создания таблицы interview_test-interview-001_20250909_133420 с данными: {'Интервью ID': 'test-interview-001', 'Позиция': 'Python Developer', 'Дата создания': '2025-09-09T13:34:20.116241', 'Статус': 'Создано', 'Кандидат': 'Ожидается', 'Результат': 'В процессе'}
2025-09-09 13:34:20,622 - GoogleSheetsMonitor - ERROR - Ошибка сохранения лога в файл: Expecting value: line 4 column 23 (char 75)
2025-09-09 13:34:20,622 - GoogleSheetsMonitor - INFO - [create_sheet] test-interview-001: success (510ms)
2025-09-09 13:34:20,625 - google_sheets_service - DEBUG - Детали операции: {
  "interview_id": "test-interview-001",
  "position": "Python Developer",
  "operation_type": "create_sheet",
  "sheet_id": "interview_test-interview-001_20250909_133420",
  "sheets_url": "https://docs.google.com/spreadsheets/d/interview_test-interview-001_20250909_133420/edit#gid=0",
  "initial_data_size": 563
}
2025-09-09 13:34:20,935 - google_sheets_service - DEBUG - [GoogleSheetsService] Симуляция обновления таблицы для интервью test-interview-001: {'Кандидат': 'Иван Петров', 'Финальный балл': '85%', 'Вердикт': 'Рекомендуется к найму', 'Технические навыки': '90%', 'Опыт работы': '80%', 'Soft Skills': '85%', 'Дата обновления': '2025-09-09T13:34:20.631963'}
2025-09-09 13:34:20,936 - GoogleSheetsMonitor - ERROR - Ошибка сохранения лога в файл: Expecting value: line 4 column 23 (char 75)
2025-09-09 13:34:20,936 - GoogleSheetsMonitor - INFO - [update_results] test-interview-001: success (306ms)
2025-09-09 13:34:20,939 - google_sheets_service - DEBUG - Детали операции: {
  "interview_id": "test-interview-001",
  "operation_type": "update_results",
  "candidate_name": "Иван Петров",
  "final_score": 85,
  "update_data": {
    "Кандидат": "Иван Петров",
    "Финальный балл": "85%",
    "Вердикт": "Рекомендуется к найму",
    "Технические навыки": "90%",
    "Опыт работы": "80%",
    "Soft Skills": "85%",
    "Дата обновления": "2025-09-09T13:34:20.631963"
  }
}
2025-09-09 13:34:20,946 - GoogleSheetsMonitor - ERROR - Ошибка сохранения лога в файл: Expecting value: line 4 column 23 (char 75)
2025-09-09 13:34:20,946 - GoogleSheetsMonitor - INFO - [get_url] test-interview-001: success (2ms)
2025-09-09 13:34:20,949 - google_sheets_service - DEBUG - Детали операции: {
  "interview_id": "test-interview-001",
  "operation_type": "get_sheet_url",
  "sheet_id": "interview_test-interview-001",
  "sheets_url": "https://docs.google.com/spreadsheets/d/interview_test-interview-001/edit#gid=0"
}
2025-09-09 13:34:20,954 - GoogleSheetsMonitor - ERROR - Ошибка сохранения лога в файл: Expecting value: line 4 column 23 (char 75)
2025-09-09 13:34:20,954 - GoogleSheetsMonitor - ERROR - [create_sheet] error-test-001: Симулированная ошибка для тестирования
2025-09-09 13:34:20,959 - GoogleSheetsMonitor - ERROR - Ошибка сохранения лога в файл: Expecting value: line 4 column 23 (char 75)
2025-09-09 13:34:20,959 - GoogleSheetsMonitor - INFO - [create_sheet] perf-test-000: success (50ms)
2025-09-09 13:34:20,960 - GoogleSheetsMonitor - ERROR - Ошибка сохранения лога в файл: Expecting value: line 4 column 23 (char 75)
2025-09-09 13:34:20,960 - GoogleSheetsMonitor - INFO - [create_sheet] perf-test-001: success (51ms)
2025-09-09 13:34:20,960 - GoogleSheetsMonitor - ERROR - Ошибка сохранения лога в файл: Expecting value: line 4 column 23 (char 75)
2025-09-09 13:34:20,960 - GoogleSheetsMonitor - INFO - [create_sheet] perf-test-002: success (52ms)
2025-09-09 13:34:20,961 - GoogleSheetsMonitor - ERROR - Ошибка сохранения лога в файл: Expecting value: line 4 column 23 (char 75)
2025-09-09 13:34:20,961 - GoogleSheetsMonitor - INFO - [create_sheet] perf-test-003: success (53ms)
2025-09-09 13:34:20,962 - GoogleSheetsMonitor - ERROR - Ошибка сохранения лога в файл: Expecting value: line 4 column 23 (char 75)
2025-09-09 13:34:20,962 - GoogleSheetsMonitor - INFO - [create_sheet] perf-test-004: success (54ms)
2025-09-09 13:34:20,963 - GoogleSheetsMonitor - ERROR - Ошибка сохранения лога в файл: Expecting value: line 4 column 23 (char 75)
2025-09-09 13:34:20,963 - GoogleSheetsMonitor - INFO - [create_sheet] perf-test-005: success (55ms)
2025-09-09 13:34:20,963 - GoogleSheetsMonitor - ERROR - Ошибка сохранения лога в файл: Expecting value: line 4 column 23 (char 75)
2025-09-09 13:34:20,963 - GoogleSheetsMonitor - INFO - [create_sheet] perf-test-006: success (56ms)
2025-09-09 13:34:20,964 - GoogleSheetsMonitor - ERROR - Ошибка сохранения лога в файл: Expecting value: line 4 column 23 (char 75)
2025-09-09 13:34:20,964 - GoogleSheetsMonitor - INFO - [create_sheet] perf-test-007: success (57ms)
2025-09-09 13:34:20,964 - GoogleSheetsMonitor - ERROR - Ошибка сохранения лога в файл: Expecting value: line 4 column 23 (char 75)
2025-09-09 13:34:20,964 - GoogleSheetsMonitor - INFO - [create_sheet] perf-test-008: success (58ms)
2025-09-09 13:34:20,965 - GoogleSheetsMonitor - ERROR - Ошибка сохранения лога в файл: Expecting value: line 4 column 23 (char 75)
2025-09-09 13:34:20,965 - GoogleSheetsMonitor - INFO - [create_sheet] perf-test-009: success (59ms)
2025-09-09 13:34:20,965 - GoogleSheetsMonitor - ERROR - Ошибка сохранения лога в файл: Expecting value: line 4 column 23 (char 75)
2025-09-09 13:34:20,965 - GoogleSheetsMonitor - INFO - [create_sheet] perf-test-010: success (60ms)
2025-09-09 13:34:20,966 - GoogleSheetsMonitor - ERROR - Ошибка сохранения лога в файл: Expecting value: line 4 column 23 (char 75)
2025-09-09 13:34:20,966 - GoogleSheetsMonitor - INFO - [create_sheet] perf-test-011: success (61ms)
2025-09-09 13:34:20,966 - GoogleSheetsMonitor - ERROR - Ошибка сохранения лога в файл: Expecting value: line 4 column 23 (char 75)
2025-09-09 13:34:20,966 - GoogleSheetsMonitor - INFO - [create_sheet] perf-test-012: success (62ms)
2025-09-09 13:34:20,967 - GoogleSheetsMonitor - ERROR - Ошибка сохранения лога в файл: Expecting value: line 4 column 23 (char 75)
2025-09-09 13:34:20,967 - GoogleSheetsMonitor - INFO - [create_sheet] perf-test-013: success (63ms)
2025-09-09 13:34:20,967 - GoogleSheetsMonitor - ERROR - Ошибка сохранения лога в файл: Expecting value: line 4 column 23 (char 75)
2025-09-09 13:34:20,967 - GoogleSheetsMonitor - INFO - [create_sheet] perf-test-014: success (64ms)
2025-09-09 13:34:20,968 - GoogleSheetsMonitor - ERROR - Ошибка сохранения лога в файл: Expecting value: line 4 column 23 (char 75)
2025-09-09 13:34:20,968 - GoogleSheetsMonitor - INFO - [create_sheet] perf-test-015: success (65ms)
2025-09-09 13:34:20,968 - GoogleSheetsMonitor - ERROR - Ошибка сохранения лога в файл: Expecting value: line 4 column 23 (char 75)
2025-09-09 13:34:20,969 - GoogleSheetsMonitor - INFO - [create_sheet] perf-test-016: success (66ms)
2025-09-09 13:34:20,969 - GoogleSheetsMonitor - ERROR - Ошибка сохранения лога в файл: Expecting value: line 4 column 23 (char 75)
2025-09-09 13:34:20,969 - GoogleSheetsMonitor - INFO - [create_sheet] perf-test-017: success (67ms)
2025-09-09 13:34:20,970 - GoogleSheetsMonitor - ERROR - Ошибка сохранения лога в файл: Expecting value: line 4 column 23 (char 75)
2025-09-09 13:34:20,970 - GoogleSheetsMonitor - INFO - [create_sheet] perf-test-018: success (68ms)
2025-09-09 13:34:20,970 - GoogleSheetsMonitor - ERROR - Ошибка сохранения лога в файл: Expecting value: line 4 column 23 (char 75)
2025-09-09 13:34:20,970 - GoogleSheetsMonitor - INFO - [create_sheet] perf-test-019: success (69ms)
2025-09-09 13:34:20,971 - GoogleSheetsMonitor - ERROR - Ошибка сохранения лога в файл: Expecting value: line 4 column 23 (char 75)
2025-09-09 13:34:20,971 - GoogleSheetsMonitor - INFO - [create_sheet] perf-test-020: success (70ms)
2025-09-09 13:34:20,972 - GoogleSheetsMonitor - ERROR - Ошибка сохранения лога в файл: Expecting value: line 4 column 23 (char 75)
2025-09-09 13:34:20,972 - GoogleSheetsMonitor - INFO - [create_sheet] perf-test-021: success (71ms)
2025-09-09 13:34:20,972 - GoogleSheetsMonitor - ERROR - Ошибка сохранения лога в файл: Expecting value: line 4 column 23 (char 75)
2025-09-09 13:34:20,972 - GoogleSheetsMonitor - INFO - [create_sheet] perf-test-022: success (72ms)
2025-09-09 13:34:20,973 - GoogleSheetsMonitor - ERROR - Ошибка сохранения лога в файл: Expecting value: line 4 column 23 (char 75)
2025-09-09 13:34:20,973 - GoogleSheetsMonitor - INFO - [create_sheet] perf-test-023: success (73ms)
2025-09-09 13:34:20,973 - GoogleSheetsMonitor - ERROR - Ошибка сохранения лога в файл: Expecting value: line 4 column 23 (char 75)
2025-09-09 13:34:20,973 - GoogleSheetsMonitor - INFO - [create_sheet] perf-test-024: success (74ms)
2025-09-09 13:34:20,974 - GoogleSheetsMonitor - ERROR - Ошибка сохранения лога в файл: Expecting value: line 4 column 23 (char 75)
2025-09-09 13:34:20,974 - GoogleSheetsMonitor - INFO - [create_sheet] perf-test-025: success (75ms)
2025-09-09 13:34:20,974 - GoogleSheetsMonitor - ERROR - Ошибка сохранения лога в файл: Expecting value: line 4 column 23 (char 75)
2025-09-09 13:34:20,974 - GoogleSheetsMonitor - INFO - [create_sheet] perf-test-026: success (76ms)
2025-09-09 13:34:20,975 - GoogleSheetsMonitor - ERROR - Ошибка сохранения лога в файл: Expecting value: line 4 column 23 (char 75)
2025-09-09 13:34:20,975 - GoogleSheetsMonitor - INFO - [create_sheet] perf-test-027: success (77ms)
2025-09-09 13:34:20,975 - GoogleSheetsMonitor - ERROR - Ошибка сохранения лога в файл: Expecting value: line 4 column 23 (char 75)
2025-09-09 13:34:20,976 - GoogleSheetsMonitor - INFO - [create_sheet] perf-test-028: success (78ms)
2025-09-09 13:34:20,976 - GoogleSheetsMonitor - ERROR - Ошибка сохранения лога в файл: Expecting value: line 4 column 23 (char 75)
2025-09-09 13:34:20,976 - GoogleSheetsMonitor - INFO - [create_sheet] perf-test-029: success (79ms)
2025-09-09 13:34:20,977 - GoogleSheetsMonitor - ERROR - Ошибка сохранения лога в файл: Expecting value: line 4 column 23 (char 75)
2025-09-09 13:34:20,977 - GoogleSheetsMonitor - INFO - [create_sheet] perf-test-030: success (80ms)
2025-09-09 13:34:20,977 - GoogleSheetsMonitor - ERROR - Ошибка сохранения лога в файл: Expecting value: line 4 column 23 (char 75)
2025-09-09 13:34:20,977 - GoogleSheetsMonitor - INFO - [create_sheet] perf-test-031: success (81ms)
2025-09-09 13:34:20,978 - GoogleSheetsMonitor - ERROR - Ошибка сохранения лога в файл: Expecting value: line 4 column 23 (char 75)
2025-09-09 13:34:20,978 - GoogleSheetsMonitor - INFO - [create_sheet] perf-test-032: success (82ms)
2025-09-09 13:34:20,978 - GoogleSheetsMonitor - ERROR - Ошибка сохранения лога в файл: Expecting value: line 4 column 23 (char 75)
2025-09-09 13:34:20,978 - GoogleSheetsMonitor - INFO - [create_sheet] perf-test-033: success (83ms)
2025-09-09 13:34:20,979 - GoogleSheetsMonitor - ERROR - Ошибка сохранения лога в файл: Expecting value: line 4 column 23 (char 75)
2025-09-09 13:34:20,979 - GoogleSheetsMonitor - INFO - [create_sheet] perf-test-034: success (84ms)
2025-09-09 13:34:20,979 - GoogleSheetsMonitor - ERROR - Ошибка сохранения лога в файл: Expecting value: line 4 column 23 (char 75)
2025-09-09 13:34:20,979 - GoogleSheetsMonitor - INFO - [create_sheet] perf-test-035: success (85ms)
2025-09-09 13:34:20,980 - GoogleSheetsMonitor - ERROR - Ошибка сохранения лога в файл: Expecting value: line 4 column 23 (char 75)
2025-09-09 13:34:20,980 - GoogleSheetsMonitor - INFO - [create_sheet] perf-test-036: success (86ms)
2025-09-09 13:34:20,980 - GoogleSheetsMonitor - ERROR - Ошибка сохранения лога в файл: Expecting value: line 4 column 23 (char 75)
2025-09-09 13:34:20,980 - GoogleSheetsMonitor - INFO - [create_sheet] perf-test-037: success (87ms)
2025-09-09 13:34:20,981 - GoogleSheetsMonitor - ERROR - Ошибка сохранения лога в файл: Expecting value: line 4 column 23 (char 75)
2025-09-09 13:34:20,981 - GoogleSheetsMonitor - INFO - [create_sheet] perf-test-038: success (88ms)
2025-09-09 13:34:20,981 - GoogleSheetsMonitor - ERROR - Ошибка сохранения лога в файл: Expecting value: line 4 column 23 (char 75)
2025-09-09 13:34:20,981 - GoogleSheetsMonitor - INFO - [create_sheet] perf-test-039: success (89ms)
2025-09-09 13:34:20,982 - GoogleSheetsMonitor - ERROR - Ошибка сохранения лога в файл: Expecting value: line 4 column 23 (char 75)
2025-09-09 13:34:20,982 - GoogleSheetsMonitor - INFO - [create_sheet] perf-test-040: success (90ms)
2025-09-09 13:34:20,982 - GoogleSheetsMonitor - ERROR - Ошибка сохранения лога в файл: Expecting value: line 4 column 23 (char 75)
2025-09-09 13:34:20,982 - GoogleSheetsMonitor - INFO - [create_sheet] perf-test-041: success (91ms)
2025-09-09 13:34:20,983 - GoogleSheetsMonitor - ERROR - Ошибка сохранения лога в файл: Expecting value: line 4 column 23 (char 75)
2025-09-09 13:34:20,983 - GoogleSheetsMonitor - INFO - [create_sheet] perf-test-042: success (92ms)
2025-09-09 13:34:20,983 - GoogleSheetsMonitor - ERROR - Ошибка сохранения лога в файл: Expecting value: line 4 column 23 (char 75)
2025-09-09 13:34:20,983 - GoogleSheetsMonitor - INFO - [create_sheet] perf-test-043: success (93ms)
2025-09-09 13:34:20,984 - GoogleSheetsMonitor - ERROR - Ошибка сохранения лога в файл: Expecting value: line 4 column 23 (char 75)
2025-09-09 13:34:20,984 - GoogleSheetsMonitor - INFO - [create_sheet] perf-test-044: success (94ms)
2025-09-09 13:34:20,984 - GoogleSheetsMonitor - ERROR - Ошибка сохранения лога в файл: Expecting value: line 4 column 23 (char 75)
2025-09-09 13:34:20,985 - GoogleSheetsMonitor - INFO - [create_sheet] perf-test-045: success (95ms)
2025-09-09 13:34:20,985 - GoogleSheetsMonitor - ERROR - Ошибка сохранения лога в файл: Expecting value: line 4 column 23 (char 75)
2025-09-09 13:34:20,985 - GoogleSheetsMonitor - INFO - [create_sheet] perf-test-046: success (96ms)
2025-09-09 13:34:20,985 - GoogleSheetsMonitor - ERROR - Ошибка сохранения лога в файл: Expecting value: line 4 column 23 (char 75)
2025-09-09 13:34:20,986 - GoogleSheetsMonitor - INFO - [create_sheet] perf-test-047: success (97ms)
2025-09-09 13:34:20,986 - GoogleSheetsMonitor - ERROR - Ошибка сохранения лога в файл: Expecting value: line 4 column 23 (char 75)
2025-09-09 13:34:20,986 - GoogleSheetsMonitor - INFO - [create_sheet] perf-test-048: success (98ms)
2025-09-09 13:34:20,986 - GoogleSheetsMonitor - ERROR - Ошибка сохранения лога в файл: Expecting value: line 4 column 23 (char 75)
2025-09-09 13:34:20,987 - GoogleSheetsMonitor - INFO - [create_sheet] perf-test-049: success (99ms)
2025-09-09 13:34:20,987 - GoogleSheetsMonitor - ERROR - Ошибка сохранения лога в файл: Expecting value: line 4 column 23 (char 75)
2025-09-09 13:34:20,987 - GoogleSheetsMonitor - INFO - [create_sheet] perf-test-050: success (100ms)
2025-09-09 13:34:20,987 - GoogleSheetsMonitor - ERROR - Ошибка сохранения лога в файл: Expecting value: line 4 column 23 (char 75)
2025-09-09 13:34:20,988 - GoogleSheetsMonitor - INFO - [create_sheet] perf-test-051: success (101ms)
2025-09-09 13:34:20,988 - GoogleSheetsMonitor - ERROR - Ошибка сохранения лога в файл: Expecting value: line 4 column 23 (char 75)
2025-09-09 13:34:20,988 - GoogleSheetsMonitor - INFO - [create_sheet] perf-test-052: success (102ms)
2025-09-09 13:34:20,988 - GoogleSheetsMonitor - ERROR - Ошибка сохранения лога в файл: Expecting value: line 4 column 23 (char 75)
2025-09-09 13:34:20,989 - GoogleSheetsMonitor - INFO - [create_sheet] perf-test-053: success (103ms)
2025-09-09 13:34:20,989 - GoogleSheetsMonitor - ERROR - Ошибка сохранения лога в файл: Expecting value: line 4 column 23 (char 75)
2025-09-09 13:34:20,989 - GoogleSheetsMonitor - INFO - [create_sheet] perf-test-054: success (104ms)
2025-09-09 13:34:20,990 - GoogleSheetsMonitor - ERROR - Ошибка сохранения лога в файл: Expecting value: line 4 column 23 (char 75)
2025-09-09 13:34:20,990 - GoogleSheetsMonitor - INFO - [create_sheet] perf-test-055: success (105ms)
2025-09-09 13:34:20,990 - GoogleSheetsMonitor - ERROR - Ошибка сохранения лога в файл: Expecting value: line 4 column 23 (char 75)
2025-09-09 13:34:20,990 - GoogleSheetsMonitor - INFO - [create_sheet] perf-test-056: success (106ms)
2025-09-09 13:34:20,991 - GoogleSheetsMonitor - ERROR - Ошибка сохранения лога в файл: Expecting value: line 4 column 23 (char 75)
2025-09-09 13:34:20,991 - GoogleSheetsMonitor - INFO - [create_sheet] perf-test-057: success (107ms)
2025-09-09 13:34:20,991 - GoogleSheetsMonitor - ERROR - Ошибка сохранения лога в файл: Expecting value: line 4 column 23 (char 75)
2025-09-09 13:34:20,991 - GoogleSheetsMonitor - INFO - [create_sheet] perf-test-058: success (108ms)
2025-09-09 13:34:20,992 - GoogleSheetsMonitor - ERROR - Ошибка сохранения лога в файл: Expecting value: line 4 column 23 (char 75)
2025-09-09 13:34:20,992 - GoogleSheetsMonitor - INFO - [create_sheet] perf-test-059: success (109ms)
2025-09-09 13:34:20,992 - GoogleSheetsMonitor - ERROR - Ошибка сохранения лога в файл: Expecting value: line 4 column 23 (char 75)
2025-09-09 13:34:20,992 - GoogleSheetsMonitor - INFO - [create_sheet] perf-test-060: success (110ms)
2025-09-09 13:34:20,993 - GoogleSheetsMonitor - ERROR - Ошибка сохранения лога в файл: Expecting value: line 4 column 23 (char 75)
2025-09-09 13:34:20,993 - GoogleSheetsMonitor - INFO - [create_sheet] perf-test-061: success (111ms)
2025-09-09 13:34:20,993 - GoogleSheetsMonitor - ERROR - Ошибка сохранения лога в файл: Expecting value: line 4 column 23 (char 75)
2025-09-09 13:34:20,994 - GoogleSheetsMonitor - INFO - [create_sheet] perf-test-062: success (112ms)
2025-09-09 13:34:20,994 - GoogleSheetsMonitor - ERROR - Ошибка сохранения лога в файл: Expecting value: line 4 column 23 (char 75)
2025-09-09 13:34:20,994 - GoogleSheetsMonitor - INFO - [create_sheet] perf-test-063: success (113ms)
2025-09-09 13:34:20,994 - GoogleSheetsMonitor - ERROR - Ошибка сохранения лога в файл: Expecting value: line 4 column 23 (char 75)
2025-09-09 13:34:20,995 - GoogleSheetsMonitor - INFO - [create_sheet] perf-test-064: success (114ms)
2025-09-09 13:34:20,995 - GoogleSheetsMonitor - ERROR - Ошибка сохранения лога в файл: Expecting value: line 4 column 23 (char 75)
2025-09-09 13:34:20,995 - GoogleSheetsMonitor - INFO - [create_sheet] perf-test-065: success (115ms)
2025-09-09 13:34:20,995 - GoogleSheetsMonitor - ERROR - Ошибка сохранения лога в файл: Expecting value: line 4 column 23 (char 75)
2025-09-09 13:34:20,996 - GoogleSheetsMonitor - INFO - [create_sheet] perf-test-066: success (116ms)
2025-09-09 13:34:20,996 - GoogleSheetsMonitor - ERROR - Ошибка сохранения лога в файл: Expecting value: line 4 column 23 (char 75)
2025-09-09 13:34:20,996 - GoogleSheetsMonitor - INFO - [create_sheet] perf-test-067: success (117ms)
2025-09-09 13:34:20,997 - GoogleSheetsMonitor - ERROR - Ошибка сохранения лога в файл: Expecting value: line 4 column 23 (char 75)
2025-09-09 13:34:20,997 - GoogleSheetsMonitor - INFO - [create_sheet] perf-test-068: success (118ms)
2025-09-09 13:34:20,997 - GoogleSheetsMonitor - ERROR - Ошибка сохранения лога в файл: Expecting value: line 4 column 23 (char 75)
2025-09-09 13:34:20,997 - GoogleSheetsMonitor - INFO - [create_sheet] perf-test-069: success (119ms)
2025-09-09 13:34:20,998 - GoogleSheetsMonitor - ERROR - Ошибка сохранения лога в файл: Expecting value: line 4 column 23 (char 75)
2025-09-09 13:34:20,998 - GoogleSheetsMonitor - INFO - [create_sheet] perf-test-070: success (120ms)
2025-09-09 13:34:20,998 - GoogleSheetsMonitor - ERROR - Ошибка сохранения лога в файл: Expecting value: line 4 column 23 (char 75)
2025-09-09 13:34:20,998 - GoogleSheetsMonitor - INFO - [create_sheet] perf-test-071: success (121ms)
2025-09-09 13:34:20,999 - GoogleSheetsMonitor - ERROR - Ошибка сохранения лога в файл: Expecting value: line 4 column 23 (char 75)
2025-09-09 13:34:20,999 - GoogleSheetsMonitor - INFO - [create_sheet] perf-test-072: success (122ms)
2025-09-09 13:34:20,999 - GoogleSheetsMonitor - ERROR - Ошибка сохранения лога в файл: Expecting value: line 4 column 23 (char 75)
2025-09-09 13:34:20,999 - GoogleSheetsMonitor - INFO - [create_sheet] perf-test-073: success (123ms)
2025-09-09 13:34:21,000 - GoogleSheetsMonitor - ERROR - Ошибка сохранения лога в файл: Expecting value: line 4 column 23 (char 75)
2025-09-09 13:34:21,000 - GoogleSheetsMonitor - INFO - [create_sheet] perf-test-074: success (124ms)
2025-09-09 13:34:21,000 - GoogleSheetsMonitor - ERROR - Ошибка сохранения лога в файл: Expecting value: line 4 column 23 (char 75)
2025-09-09 13:34:21,000 - GoogleSheetsMonitor - INFO - [create_sheet] perf-test-075: success (125ms)
2025-09-09 13:34:21,001 - GoogleSheetsMonitor - ERROR - Ошибка сохранения лога в файл: Expecting value: line 4 column 23 (char 75)
2025-09-09 13:34:21,001 - GoogleSheetsMonitor - INFO - [create_sheet] perf-test-076: success (126ms)
2025-09-09 13:34:21,001 - GoogleSheetsMonitor - ERROR - Ошибка сохранения лога в файл: Expecting value: line 4 column 23 (char 75)
2025-09-09 13:34:21,001 - GoogleSheetsMonitor - INFO - [create_sheet] perf-test-077: success (127ms)
2025-09-09 13:34:21,002 - GoogleSheetsMonitor - ERROR - Ошибка сохранения лога в файл: Expecting value: line 4 column 23 (char 75)
2025-09-09 13:34:21,002 - GoogleSheetsMonitor - INFO - [create_sheet] perf-test-078: success (128ms)
2025-09-09 13:34:21,002 - GoogleSheetsMonitor - ERROR - Ошибка сохранения лога в файл: Expecting value: line 4 column 23 (char 75)
2025-09-09 13:34:21,002 - GoogleSheetsMonitor - INFO - [create_sheet] perf-test-079: success (129ms)
2025-09-09 13:34:21,003 - GoogleSheetsMonitor - ERROR - Ошибка сохранения лога в файл: Expecting value: line 4 column 23 (char 75)
2025-09-09 13:34:21,003 - GoogleSheetsMonitor - INFO - [create_sheet] perf-test-080: success (130ms)
2025-09-09 13:34:21,003 - GoogleSheetsMonitor - ERROR - Ошибка сохранения лога в файл: Expecting value: line 4 column 23 (char 75)
2025-09-09 13:34:21,003 - GoogleSheetsMonitor - INFO - [create_sheet] perf-test-081: success (131ms)
2025-09-09 13:34:21,004 - GoogleSheetsMonitor - ERROR - Ошибка сохранения лога в файл: Expecting value: line 4 column 23 (char 75)
2025-09-09 13:34:21,004 - GoogleSheetsMonitor - INFO - [create_sheet] perf-test-082: success (132ms)
2025-09-09 13:34:21,004 - GoogleSheetsMonitor - ERROR - Ошибка сохранения лога в файл: Expecting value: line 4 column 23 (char 75)
2025-09-09 13:34:21,005 - GoogleSheetsMonitor - INFO - [create_sheet] perf-test-083: success (133ms)
2025-09-09 13:34:21,005 - GoogleSheetsMonitor - ERROR - Ошибка сохранения лога в файл: Expecting value: line 4 column 23 (char 75)
2025-09-09 13:34:21,005 - GoogleSheetsMonitor - INFO - [create_sheet] perf-test-084: success (134ms)
2025-09-09 13:34:21,006 - GoogleSheetsMonitor - ERROR - Ошибка сохранения лога в файл: Expecting value: line 4 column 23 (char 75)
2025-09-09 13:34:21,006 - GoogleSheetsMonitor - INFO - [create_sheet] perf-test-085: success (135ms)
2025-09-09 13:34:21,006 - GoogleSheetsMonitor - ERROR - Ошибка сохранения лога в файл: Expecting value: line 4 column 23 (char 75)
2025-09-09 13:34:21,006 - GoogleSheetsMonitor - INFO - [create_sheet] perf-test-086: success (136ms)
2025-09-09 13:34:21,007 - GoogleSheetsMonitor - ERROR - Ошибка сохранения лога в файл: Expecting value: line 4 column 23 (char 75)
2025-09-09 13:34:21,007 - GoogleSheetsMonitor - INFO - [create_sheet] perf-test-087: success (137ms)
2025-09-09 13:34:21,007 - GoogleSheetsMonitor - ERROR - Ошибка сохранения лога в файл: Expecting value: line 4 column 23 (char 75)
2025-09-09 13:34:21,007 - GoogleSheetsMonitor - INFO - [create_sheet] perf-test-088: success (138ms)
2025-09-09 13:34:21,007 - GoogleSheetsMonitor - ERROR - Ошибка сохранения лога в файл: Expecting value: line 4 column 23 (char 75)
2025-09-09 13:34:21,008 - GoogleSheetsMonitor - INFO - [create_sheet] perf-test-089: success (139ms)
2025-09-09 13:34:21,008 - GoogleSheetsMonitor - ERROR - Ошибка сохранения лога в файл: Expecting value: line 4 column 23 (char 75)
2025-09-09 13:34:21,008 - GoogleSheetsMonitor - INFO - [create_sheet] perf-test-090: success (140ms)
2025-09-09 13:34:21,009 - GoogleSheetsMonitor - ERROR - Ошибка сохранения лога в файл: Expecting value: line 4 column 23 (char 75)
2025-09-09 13:34:21,009 - GoogleSheetsMonitor - INFO - [create_sheet] perf-test-091: success (141ms)
2025-09-09 13:34:21,009 - GoogleSheetsMonitor - ERROR - Ошибка сохранения лога в файл: Expecting value: line 4 column 23 (char 75)
2025-09-09 13:34:21,009 - GoogleSheetsMonitor - INFO - [create_sheet] perf-test-092: success (142ms)
2025-09-09 13:34:21,010 - GoogleSheetsMonitor - ERROR - Ошибка сохранения лога в файл: Expecting value: line 4 column 23 (char 75)
2025-09-09 13:34:21,010 - GoogleSheetsMonitor - INFO - [create_sheet] perf-test-093: success (143ms)
2025-09-09 13:34:21,010 - GoogleSheetsMonitor - ERROR - Ошибка сохранения лога в файл: Expecting value: line 4 column 23 (char 75)
2025-09-09 13:34:21,010 - GoogleSheetsMonitor - INFO - [create_sheet] perf-test-094: success (144ms)
2025-09-09 13:34:21,011 - GoogleSheetsMonitor - ERROR - Ошибка сохранения лога в файл: Expecting value: line 4 column 23 (char 75)
2025-09-09 13:34:21,011 - GoogleSheetsMonitor - INFO - [create_sheet] perf-test-095: success (145ms)
2025-09-09 13:34:21,011 - GoogleSheetsMonitor - ERROR - Ошибка сохранения лога в файл: Expecting value: line 4 column 23 (char 75)
2025-09-09 13:34:21,011 - GoogleSheetsMonitor - INFO - [create_sheet] perf-test-096: success (146ms)
2025-09-09 13:34:21,012 - GoogleSheetsMonitor - ERROR - Ошибка сохранения лога в файл: Expecting value: line 4 column 23 (char 75)
2025-09-09 13:34:21,012 - GoogleSheetsMonitor - INFO - [create_sheet] perf-test-097: success (147ms)
2025-09-09 13:34:21,012 - GoogleSheetsMonitor - ERROR - Ошибка сохранения лога в файл: Expecting value: line 4 column 23 (char 75)
2025-09-09 13:34:21,012 - GoogleSheetsMonitor - INFO - [create_sheet] perf-test-098: success (148ms)
2025-09-09 13:34:21,013 - GoogleSheetsMonitor - ERROR - Ошибка сохранения лога в файл: Expecting value: line 4 column 23 (char 75)
2025-09-09 13:34:21,013 - GoogleSheetsMonitor - INFO - [create_sheet] perf-test-099: success (149ms)
2025-09-09 21:10:44,484 - GoogleSheetsMonitor - INFO - [GoogleSheetsMonitor] Инициализирован
2025-09-09 21:10:44,487 - google_sheets_service - INFO - [GoogleSheetsService] Инициализирован с расширенным логированием
2025-09-09 21:10:45,036 - google_sheets_service - DEBUG - [GoogleSheetsService] Симуляция создания таблицы interview_ec34e02f-59cb-4bdc-ae74-f96dc6a8b66d_20250909_211044 с данными: {'Интервью ID': 'ec34e02f-59cb-4bdc-ae74-f96dc6a8b66d', 'Позиция': 'Frontend Developer', 'Дата создания': '2025-09-09T21:10:44.533948', 'Статус': 'Создано', 'Кандидат': 'Ожидается', 'Результат': 'В процессе'}
2025-09-09 21:10:45,039 - GoogleSheetsMonitor - ERROR - Ошибка сохранения лога в файл: Expecting value: line 4 column 23 (char 75)
2025-09-09 21:10:45,039 - GoogleSheetsMonitor - INFO - [create_sheet] ec34e02f-59cb-4bdc-ae74-f96dc6a8b66d: success (549ms)
2025-09-09 21:10:45,051 - google_sheets_service - DEBUG - Детали операции: {
  "interview_id": "ec34e02f-59cb-4bdc-ae74-f96dc6a8b66d",
  "position": "Frontend Developer",
  "operation_type": "create_sheet",
  "sheet_id": "interview_ec34e02f-59cb-4bdc-ae74-f96dc6a8b66d_20250909_211044",
  "sheets_url": "https://docs.google.com/spreadsheets/d/interview_ec34e02f-59cb-4bdc-ae74-f96dc6a8b66d_20250909_211044/edit#gid=0",
  "initial_data_size": 583
}
